Generated at 2025-12-19 21:18:26 +0000
Mixlib::Config::UnknownConfigOptionError: Reading unsupported config value grafana.
/opt/gitlab/embedded/lib/ruby/gems/3.2.0/gems/mixlib-config-3.0.27/lib/mixlib/config.rb:642:in `internal_get'
/opt/gitlab/embedded/cookbooks/cache/cookbooks/package/libraries/settings_dsl.rb:125:in `internal_get'
/opt/gitlab/embedded/lib/ruby/gems/3.2.0/gems/mixlib-config-3.0.27/lib/mixlib/config.rb:656:in `internal_get_or_set'
/opt/gitlab/embedded/lib/ruby/gems/3.2.0/gems/mixlib-config-3.0.27/lib/mixlib/config.rb:557:in `method_missing'
(eval):14:in `from_file'
/assets/gitlab.rb:35:in `eval'
/assets/gitlab.rb:35:in `from_file'
/opt/gitlab/embedded/lib/ruby/gems/3.2.0/gems/mixlib-config-3.0.27/lib/mixlib/config.rb:63:in `instance_eval'
/opt/gitlab/embedded/lib/ruby/gems/3.2.0/gems/mixlib-config-3.0.27/lib/mixlib/config.rb:63:in `from_file'
/opt/gitlab/embedded/cookbooks/cache/cookbooks/package/libraries/settings_dsl.rb:105:in `block in from_file'
/opt/gitlab/embedded/cookbooks/cache/cookbooks/package/libraries/config_mash.rb:35:in `auto_vivify'
/opt/gitlab/embedded/cookbooks/cache/cookbooks/package/libraries/settings_dsl.rb:105:in `from_file'
/opt/gitlab/embedded/cookbooks/cache/cookbooks/package/recipes/config.rb:28:in `from_file'
/opt/gitlab/embedded/lib/ruby/gems/3.2.0/gems/chef-18.3.0/lib/chef/mixin/from_file.rb:34:in `instance_eval'
/opt/gitlab/embedded/lib/ruby/gems/3.2.0/gems/chef-18.3.0/lib/chef/mixin/from_file.rb:34:in `from_file'
/opt/gitlab/embedded/lib/ruby/gems/3.2.0/gems/chef-18.3.0/lib/chef/cookbook_version.rb:233:in `load_ruby_recipe'
/opt/gitlab/embedded/lib/ruby/gems/3.2.0/gems/chef-18.3.0/lib/chef/cookbook_version.rb:203:in `load_recipe'
/opt/gitlab/embedded/lib/ruby/gems/3.2.0/gems/chef-18.3.0/lib/chef/run_context.rb:429:in `load_recipe'
/opt/gitlab/embedded/lib/ruby/gems/3.2.0/gems/chef-18.3.0/lib/chef/run_context.rb:385:in `block in include_recipe'
/opt/gitlab/embedded/lib/ruby/gems/3.2.0/gems/chef-18.3.0/lib/chef/run_context.rb:384:in `each'
/opt/gitlab/embedded/lib/ruby/gems/3.2.0/gems/chef-18.3.0/lib/chef/run_context.rb:384:in `include_recipe'
/opt/gitlab/embedded/lib/ruby/gems/3.2.0/gems/chef-18.3.0/lib/chef/dsl/include_recipe.rb:26:in `include_recipe'
/opt/gitlab/embedded/cookbooks/cache/cookbooks/gitlab/recipes/default.rb:27:in `from_file'
/opt/gitlab/embedded/lib/ruby/gems/3.2.0/gems/chef-18.3.0/lib/chef/mixin/from_file.rb:34:in `instance_eval'
/opt/gitlab/embedded/lib/ruby/gems/3.2.0/gems/chef-18.3.0/lib/chef/mixin/from_file.rb:34:in `from_file'
/opt/gitlab/embedded/lib/ruby/gems/3.2.0/gems/chef-18.3.0/lib/chef/cookbook_version.rb:233:in `load_ruby_recipe'
/opt/gitlab/embedded/lib/ruby/gems/3.2.0/gems/chef-18.3.0/lib/chef/cookbook_version.rb:203:in `load_recipe'
/opt/gitlab/embedded/lib/ruby/gems/3.2.0/gems/chef-18.3.0/lib/chef/run_context.rb:429:in `load_recipe'
/opt/gitlab/embedded/lib/ruby/gems/3.2.0/gems/chef-18.3.0/lib/chef/run_context.rb:385:in `block in include_recipe'
/opt/gitlab/embedded/lib/ruby/gems/3.2.0/gems/chef-18.3.0/lib/chef/run_context.rb:384:in `each'
/opt/gitlab/embedded/lib/ruby/gems/3.2.0/gems/chef-18.3.0/lib/chef/run_context.rb:384:in `include_recipe'
/opt/gitlab/embedded/lib/ruby/gems/3.2.0/gems/chef-18.3.0/lib/chef/dsl/include_recipe.rb:26:in `include_recipe'
/opt/gitlab/embedded/cookbooks/cache/cookbooks/gitlab-base/recipes/default.rb:6:in `from_file'
/opt/gitlab/embedded/lib/ruby/gems/3.2.0/gems/chef-18.3.0/lib/chef/mixin/from_file.rb:34:in `instance_eval'
/opt/gitlab/embedded/lib/ruby/gems/3.2.0/gems/chef-18.3.0/lib/chef/mixin/from_file.rb:34:in `from_file'
/opt/gitlab/embedded/lib/ruby/gems/3.2.0/gems/chef-18.3.0/lib/chef/cookbook_version.rb:233:in `load_ruby_recipe'
/opt/gitlab/embedded/lib/ruby/gems/3.2.0/gems/chef-18.3.0/lib/chef/cookbook_version.rb:203:in `load_recipe'
/opt/gitlab/embedded/lib/ruby/gems/3.2.0/gems/chef-18.3.0/lib/chef/run_context.rb:429:in `load_recipe'
/opt/gitlab/embedded/lib/ruby/gems/3.2.0/gems/chef-18.3.0/lib/chef/run_context/cookbook_compiler.rb:228:in `block in compile_recipes'
/opt/gitlab/embedded/lib/ruby/gems/3.2.0/gems/chef-18.3.0/lib/chef/run_context/cookbook_compiler.rb:225:in `each'
/opt/gitlab/embedded/lib/ruby/gems/3.2.0/gems/chef-18.3.0/lib/chef/run_context/cookbook_compiler.rb:225:in `compile_recipes'
/opt/gitlab/embedded/lib/ruby/gems/3.2.0/gems/chef-18.3.0/lib/chef/run_context/cookbook_compiler.rb:109:in `compile'
/opt/gitlab/embedded/lib/ruby/gems/3.2.0/gems/chef-18.3.0/lib/chef/run_context.rb:259:in `load'
/opt/gitlab/embedded/lib/ruby/gems/3.2.0/gems/chef-18.3.0/lib/chef/policy_builder/expand_node_object.rb:103:in `setup_run_context'
/opt/gitlab/embedded/lib/ruby/gems/3.2.0/gems/forwardable-1.3.3/lib/forwardable.rb:240:in `setup_run_context'
/opt/gitlab/embedded/lib/ruby/gems/3.2.0/gems/chef-18.3.0/lib/chef/client.rb:499:in `setup_run_context'
/opt/gitlab/embedded/lib/ruby/gems/3.2.0/gems/chef-18.3.0/lib/chef/client.rb:294:in `run'
/opt/gitlab/embedded/lib/ruby/gems/3.2.0/gems/chef-18.3.0/lib/chef/application.rb:305:in `run_with_graceful_exit_option'
/opt/gitlab/embedded/lib/ruby/gems/3.2.0/gems/chef-18.3.0/lib/chef/application.rb:281:in `block in run_chef_client'
/opt/gitlab/embedded/lib/ruby/gems/3.2.0/gems/chef-18.3.0/lib/chef/local_mode.rb:42:in `with_server_connectivity'
/opt/gitlab/embedded/lib/ruby/gems/3.2.0/gems/chef-18.3.0/lib/chef/application.rb:264:in `run_chef_client'
/opt/gitlab/embedded/lib/ruby/gems/3.2.0/gems/chef-18.3.0/lib/chef/application/base.rb:354:in `run_application'
/opt/gitlab/embedded/lib/ruby/gems/3.2.0/gems/chef-18.3.0/lib/chef/application.rb:67:in `run'
/opt/gitlab/embedded/lib/ruby/gems/3.2.0/gems/chef-bin-18.3.0/bin/cinc-client:25:in `<top (required)>'
/opt/gitlab/embedded/lib/ruby/site_ruby/3.2.0/rubygems.rb:319:in `load'
/opt/gitlab/embedded/lib/ruby/site_ruby/3.2.0/rubygems.rb:319:in `activate_and_load_bin_path'
/opt/gitlab/embedded/bin/cinc-client:25:in `<main>'